<?xml version="1.0" encoding="UTF-8"?>
<!-- Generated by org.testng.reporters.JUnitXMLReporter -->
<testsuite hostname="AA-PC" ignored="0" name="Default test" tests="4" failures="0" timestamp="22 Oct 2020 04:15:16 GMT" time="223.767" errors="0">
  <testcase name="tc1" time="15.895" classname="org.tasks.HighCostIPhones"/>
  <testcase name="tc2" time="1.478" classname="org.tasks.HighCostIPhones"/>
  <testcase name="tc3" time="35.561" classname="org.tasks.HighCostIPhones"/>
  <testcase name="tc4" time="0.002" classname="org.tasks.HighCostIPhones"/>
</testsuite> <!-- Default test -->
