<?xml version="1.0" encoding="UTF-8"?>
<!-- Generated by org.testng.reporters.JUnitXMLReporter -->
<testsuite hostname="AA-PC" ignored="0" name="Test" tests="2" failures="1" timestamp="20 Oct 2020 10:11:00 GMT" time="173.189" errors="0">
  <testcase name="phone" time="0.0" classname="org.tasks.FlipKart">
    <failure type="org.testng.TestNGException" message="
Parameter &amp;apos;userName&amp;apos; is required by @Test on method phone but has not been marked @Optional or defined
in C:\Users\AA\eclipse-workspace\ProjectFramework\testng1.xml">
      <![CDATA[org.testng.TestNGException: 
Parameter 'userName' is required by @Test on method phone but has not been marked @Optional or defined
in C:\Users\AA\eclipse-workspace\ProjectFramework\testng1.xml
... Removed 24 stack frames]]>
    </failure>
  </testcase> <!-- phone -->
  <testcase name="productList" time="30.931" classname="org.tasks.FlipKart"/>
</testsuite> <!-- Test -->
