<?xml version="1.0" encoding="UTF-8"?>
<testng-results skipped="0" failed="0" ignored="0" total="4" passed="4">
  <reporter-output>
  </reporter-output>
  <suite name="Default suite" duration-ms="223767" started-at="2020-10-22T04:11:30Z" finished-at="2020-10-22T04:15:14Z">
    <groups>
    </groups>
    <test name="Default test" duration-ms="223767" started-at="2020-10-22T04:11:30Z" finished-at="2020-10-22T04:15:14Z">
      <class name="org.tasks.HighCostIPhones">
        <test-method status="PASS" signature="browserLaunch()[pri:0, instance:org.tasks.HighCostIPhones@132ec19]" name="browserLaunch" is-config="true" duration-ms="109252" started-at="2020-10-22T04:11:30Z" finished-at="2020-10-22T04:13:20Z">
          <reporter-output>
          </reporter-output>
        </test-method> <!-- browserLaunch -->
        <test-method status="PASS" signature="tc1(java.lang.String, java.lang.String)[pri:0, instance:org.tasks.HighCostIPhones@132ec19]" name="tc1" duration-ms="15895" started-at="2020-10-22T04:13:21Z" data-provider="loginDetails" finished-at="2020-10-22T04:13:37Z">
          <params>
            <param index="0">
              <value>
                <![CDATA[9677888119]]>
              </value>
            </param>
            <param index="1">
              <value>
                <![CDATA[nirmaladev]]>
              </value>
            </param>
          </params>
          <reporter-output>
          </reporter-output>
        </test-method> <!-- tc1 -->
        <test-method status="PASS" signature="tc2()[pri:0, instance:org.tasks.HighCostIPhones@132ec19]" name="tc2" duration-ms="1478" started-at="2020-10-22T04:13:37Z" finished-at="2020-10-22T04:13:38Z">
          <reporter-output>
          </reporter-output>
        </test-method> <!-- tc2 -->
        <test-method status="PASS" signature="tc3()[pri:0, instance:org.tasks.HighCostIPhones@132ec19]" name="tc3" duration-ms="35561" started-at="2020-10-22T04:13:38Z" finished-at="2020-10-22T04:14:14Z">
          <reporter-output>
          </reporter-output>
        </test-method> <!-- tc3 -->
        <test-method status="PASS" signature="tc4()[pri:0, instance:org.tasks.HighCostIPhones@132ec19]" name="tc4" duration-ms="2" started-at="2020-10-22T04:14:14Z" finished-at="2020-10-22T04:14:14Z">
          <reporter-output>
          </reporter-output>
        </test-method> <!-- tc4 -->
        <test-method status="PASS" signature="endBrowser()[pri:0, instance:org.tasks.HighCostIPhones@132ec19]" name="endBrowser" is-config="true" duration-ms="59963" started-at="2020-10-22T04:14:14Z" finished-at="2020-10-22T04:15:14Z">
          <reporter-output>
          </reporter-output>
        </test-method> <!-- endBrowser -->
      </class> <!-- org.tasks.HighCostIPhones -->
    </test> <!-- Default test -->
  </suite> <!-- Default suite -->
</testng-results>
